<?xml version="1.0" encoding="UTF-8"?>
<!-- Generated by org.testng.reporters.JUnitReportReporter -->
<testsuite hostname="LAPTOP-6UUU38K3" failures="0" tests="5" name="com.Testlayer.Imdbtest" time="6.193" errors="0" timestamp="2022-11-18T13:39:11 IST" skipped="0">
  <testcase classname="com.Testlayer.Imdbtest" name="searchonimdb" time="0.281"/>
  <system-out/>
  <testcase classname="com.Testlayer.Imdbtest" name="clickonthesearchbtn" time="4.906"/>
  <system-out/>
  <testcase classname="com.Testlayer.Imdbtest" name="scrolldownatdetails" time="0.403"/>
  <system-out/>
  <testcase classname="com.Testlayer.Imdbtest" name="validatereleasedate" time="0.509"/>
  <system-out/>
  <testcase classname="com.Testlayer.Imdbtest" name="validatecountry" time="0.094"/>
  <system-out/>
</testsuite> <!-- com.Testlayer.Imdbtest -->
