<?xml version="1.0" encoding="UTF-8"?>
<!-- Generated by org.testng.reporters.JUnitReportReporter -->
<testsuite hostname="LAPTOP-6UUU38K3" failures="0" tests="5" name="com.Testlayer.Wikipediatest" time="3.469" errors="0" timestamp="2022-11-17T23:28:59 IST" skipped="0">
  <testcase classname="com.Testlayer.Wikipediatest" name="searchonwikipedia" time="0.220"/>
  <system-out/>
  <testcase classname="com.Testlayer.Wikipediatest" name="clickontheserch" time="2.054"/>
  <system-out/>
  <testcase classname="com.Testlayer.Wikipediatest" name="clickonpushpalink" time="1.026"/>
  <system-out/>
  <testcase classname="com.Testlayer.Wikipediatest" name="validatereleasedate" time="0.131"/>
  <system-out/>
  <testcase classname="com.Testlayer.Wikipediatest" name="validatcountry" time="0.038"/>
  <system-out/>
</testsuite> <!-- com.Testlayer.Wikipediatest -->
